<?xml version="1.0" encoding="UTF-8"?>
<!-- Generated by org.testng.reporters.JUnitReportReporter -->
<testsuite hostname="DESKTOP-D9IBFV8" failures="0" tests="1" name="Support" time="0.011" errors="0" timestamp="2023-10-16T15:45:31 IST" skipped="0">
  <testcase classname="Support" name="show" time="0.011"/>
</testsuite> <!-- Support -->
