<?xml version="1.0" encoding="UTF-8"?>
<!-- Generated by org.testng.reporters.JUnitReportReporter -->
<testsuite hostname="DESKTOP-D9IBFV8" failures="0" tests="1" name="Practice" time="0.006" errors="0" timestamp="2024-04-13T12:45:07 IST" skipped="0">
  <testcase classname="Practice" name="xyz" time="0.006"/>
</testsuite> <!-- Practice -->
